INFO [2019-02-13 12:14:25] $x
INFO [2019-02-13 12:14:25] list(A = genesS1GCDE$GENEID, B = genesS2GCDE$GENEID, C = genesS3GCDE$GENEID, 
INFO [2019-02-13 12:14:25]     D = genesS5GCDE$GENEID, E = genesS9GCDE$GENEID)
INFO [2019-02-13 12:14:25] 
INFO [2019-02-13 12:14:25] $filename
INFO [2019-02-13 12:14:25] NULL
INFO [2019-02-13 12:14:25] 
INFO [2019-02-13 12:14:25] $col
INFO [2019-02-13 12:14:25] [1] "black"
INFO [2019-02-13 12:14:25] 
INFO [2019-02-13 12:14:25] $fill
INFO [2019-02-13 12:14:25] c("dodgerblue", "goldenrod1", "darkorange1", "seagreen3", "orchid3")
INFO [2019-02-13 12:14:25] 
INFO [2019-02-13 12:14:25] $alpha
INFO [2019-02-13 12:14:25] [1] 0.5
INFO [2019-02-13 12:14:25] 
INFO [2019-02-13 12:14:25] $cex
INFO [2019-02-13 12:14:25] c(1.5, 1.5, 1.5, 1.5, 1.5, 1, 0.8, 1, 0.8, 1, 0.8, 1, 0.8, 1, 
INFO [2019-02-13 12:14:25]     0.8, 1, 0.55, 1, 0.55, 1, 0.55, 1, 0.55, 1, 0.55, 1, 1, 1, 
INFO [2019-02-13 12:14:25]     1, 1, 1.5)
INFO [2019-02-13 12:14:25] 
INFO [2019-02-13 12:14:25] $cat.col
INFO [2019-02-13 12:14:25] c("dodgerblue", "goldenrod1", "darkorange1", "seagreen3", "orchid3")
INFO [2019-02-13 12:14:25] 
INFO [2019-02-13 12:14:25] $cat.cex
INFO [2019-02-13 12:14:25] [1] 1.5
INFO [2019-02-13 12:14:25] 
INFO [2019-02-13 12:14:25] $cat.fontface
INFO [2019-02-13 12:14:25] [1] "bold"
INFO [2019-02-13 12:14:25] 
INFO [2019-02-13 12:14:25] $margin
INFO [2019-02-13 12:14:25] [1] 0.05
INFO [2019-02-13 12:14:25] 
