INFO [2019-01-16 16:44:09] $x
INFO [2019-01-16 16:44:09] list(A = deGenesNotAneuS4$GENEID, B = deGenesNotAneuS7$GENEID, 
INFO [2019-01-16 16:44:09]     C = deGenesNotAneuS8$GENEID, D = deGenesNotAneuS59$GENEID, 
INFO [2019-01-16 16:44:09]     E = deGenesNotAneuS77$GENEID)
INFO [2019-01-16 16:44:09] 
INFO [2019-01-16 16:44:09] $filename
INFO [2019-01-16 16:44:09] NULL
INFO [2019-01-16 16:44:09] 
INFO [2019-01-16 16:44:09] $col
INFO [2019-01-16 16:44:09] [1] "black"
INFO [2019-01-16 16:44:09] 
INFO [2019-01-16 16:44:09] $fill
INFO [2019-01-16 16:44:09] c("lightblue", "goldenrod1", "lavender", "turquoise", "lightpink")
INFO [2019-01-16 16:44:09] 
INFO [2019-01-16 16:44:09] $alpha
INFO [2019-01-16 16:44:09] [1] 0.5
INFO [2019-01-16 16:44:09] 
INFO [2019-01-16 16:44:09] $cex
INFO [2019-01-16 16:44:09] c(1.5, 1.5, 1.5, 1.5, 1.5, 1, 0.8, 1, 0.8, 1, 0.8, 1, 0.8, 1, 
INFO [2019-01-16 16:44:09]     0.8, 1, 0.55, 1, 0.55, 1, 0.55, 1, 0.55, 1, 0.55, 1, 1, 1, 
INFO [2019-01-16 16:44:09]     1, 1, 1.5)
INFO [2019-01-16 16:44:09] 
INFO [2019-01-16 16:44:09] $cat.col
INFO [2019-01-16 16:44:09] c("mediumblue", "darkgoldenrod", "purple", "darkturquoise", "deeppink")
INFO [2019-01-16 16:44:09] 
INFO [2019-01-16 16:44:09] $cat.cex
INFO [2019-01-16 16:44:09] [1] 1.5
INFO [2019-01-16 16:44:09] 
INFO [2019-01-16 16:44:09] $cat.fontface
INFO [2019-01-16 16:44:09] [1] "bold"
INFO [2019-01-16 16:44:09] 
INFO [2019-01-16 16:44:09] $margin
INFO [2019-01-16 16:44:09] [1] 0.05
INFO [2019-01-16 16:44:09] 
INFO [2019-01-16 16:44:09] $x
INFO [2019-01-16 16:44:09] list(A = deGenesNotAneuS4$GENEID, B = deGenesNotAneuS49$GENEID)
INFO [2019-01-16 16:44:09] 
INFO [2019-01-16 16:44:09] $filename
INFO [2019-01-16 16:44:09] NULL
INFO [2019-01-16 16:44:09] 
INFO [2019-01-16 16:44:09] $fill
INFO [2019-01-16 16:44:09] c("turquoise", "lightpink")
INFO [2019-01-16 16:44:09] 
