INFO [2019-02-11 15:01:55] $x
INFO [2019-02-11 15:01:55] list(A = genesS1GCDE$GENEID, B = genesS2GCDE$GENEID, C = genesS3GCDE$GENEID, 
INFO [2019-02-11 15:01:55]     D = genesS5GCDE$GENEID, E = genesS9GCDE$GENEID)
INFO [2019-02-11 15:01:55] 
INFO [2019-02-11 15:01:55] $filename
INFO [2019-02-11 15:01:55] NULL
INFO [2019-02-11 15:01:55] 
INFO [2019-02-11 15:01:55] $col
INFO [2019-02-11 15:01:55] [1] "black"
INFO [2019-02-11 15:01:55] 
INFO [2019-02-11 15:01:55] $fill
INFO [2019-02-11 15:01:55] c("dodgerblue", "goldenrod1", "darkorange1", "seagreen3", "orchid3")
INFO [2019-02-11 15:01:55] 
INFO [2019-02-11 15:01:55] $alpha
INFO [2019-02-11 15:01:55] [1] 0.5
INFO [2019-02-11 15:01:55] 
INFO [2019-02-11 15:01:55] $cex
INFO [2019-02-11 15:01:55] c(1.5, 1.5, 1.5, 1.5, 1.5, 1, 0.8, 1, 0.8, 1, 0.8, 1, 0.8, 1, 
INFO [2019-02-11 15:01:55]     0.8, 1, 0.55, 1, 0.55, 1, 0.55, 1, 0.55, 1, 0.55, 1, 1, 1, 
INFO [2019-02-11 15:01:55]     1, 1, 1.5)
INFO [2019-02-11 15:01:55] 
INFO [2019-02-11 15:01:55] $cat.col
INFO [2019-02-11 15:01:55] c("dodgerblue", "goldenrod1", "darkorange1", "seagreen3", "orchid3")
INFO [2019-02-11 15:01:55] 
INFO [2019-02-11 15:01:55] $cat.cex
INFO [2019-02-11 15:01:55] [1] 1.5
INFO [2019-02-11 15:01:55] 
INFO [2019-02-11 15:01:55] $cat.fontface
INFO [2019-02-11 15:01:55] [1] "bold"
INFO [2019-02-11 15:01:55] 
INFO [2019-02-11 15:01:55] $margin
INFO [2019-02-11 15:01:55] [1] 0.05
INFO [2019-02-11 15:01:55] 
