INFO [2019-01-16 16:44:12] $x
INFO [2019-01-16 16:44:12] list(L11 = nonDES11c1$GENEID, L18 = nonDES18c1$GENEID, L7 = nonDES7c1$GENEID)
INFO [2019-01-16 16:44:12] 
INFO [2019-01-16 16:44:12] $filename
INFO [2019-01-16 16:44:12] NULL
INFO [2019-01-16 16:44:12] 
INFO [2019-01-16 16:44:12] $fill
INFO [2019-01-16 16:44:12] c("orange", "deeppink1", "turquoise")
INFO [2019-01-16 16:44:12] 
INFO [2019-01-16 16:44:12] $cex
INFO [2019-01-16 16:44:12] [1] 2
INFO [2019-01-16 16:44:12] 
INFO [2019-01-16 16:44:12] $x
INFO [2019-01-16 16:44:12] list(L18 = nonDES18c1$GENEID, L7 = nonDES7c1$GENEID)
INFO [2019-01-16 16:44:12] 
INFO [2019-01-16 16:44:12] $filename
INFO [2019-01-16 16:44:12] NULL
INFO [2019-01-16 16:44:12] 
INFO [2019-01-16 16:44:12] $fill
INFO [2019-01-16 16:44:12] c("deeppink1", "turquoise")
INFO [2019-01-16 16:44:12] 
INFO [2019-01-16 16:44:12] $cex
INFO [2019-01-16 16:44:12] [1] 2
INFO [2019-01-16 16:44:12] 
INFO [2019-01-16 16:44:12] $x
INFO [2019-01-16 16:44:12] list(L4 = nonDES4c5$GENEID, L49 = nonDES49c5$GENEID)
INFO [2019-01-16 16:44:12] 
INFO [2019-01-16 16:44:12] $filename
INFO [2019-01-16 16:44:12] NULL
INFO [2019-01-16 16:44:12] 
INFO [2019-01-16 16:44:12] $fill
INFO [2019-01-16 16:44:12] c("goldenrod", "turquoise")
INFO [2019-01-16 16:44:12] 
INFO [2019-01-16 16:44:12] $cex
INFO [2019-01-16 16:44:12] [1] 2
INFO [2019-01-16 16:44:12] 
INFO [2019-01-16 16:44:12] $x
INFO [2019-01-16 16:44:12] list(A = genes1DE$GENEID, B = genes2DE$GENEID, C = genes3DE$GENEID, 
INFO [2019-01-16 16:44:12]     D = genes5DE$GENEID, E = genes9DE$GENEID)
INFO [2019-01-16 16:44:12] 
INFO [2019-01-16 16:44:12] $filename
INFO [2019-01-16 16:44:12] NULL
INFO [2019-01-16 16:44:12] 
INFO [2019-01-16 16:44:12] $col
INFO [2019-01-16 16:44:12] [1] "black"
INFO [2019-01-16 16:44:12] 
INFO [2019-01-16 16:44:12] $fill
INFO [2019-01-16 16:44:12] c("dodgerblue", "goldenrod1", "darkorange1", "seagreen3", "orchid3")
INFO [2019-01-16 16:44:12] 
INFO [2019-01-16 16:44:12] $alpha
INFO [2019-01-16 16:44:12] [1] 0.5
INFO [2019-01-16 16:44:12] 
INFO [2019-01-16 16:44:12] $cex
INFO [2019-01-16 16:44:12] c(1.5, 1.5, 1.5, 1.5, 1.5, 1, 0.8, 1, 0.8, 1, 0.8, 1, 0.8, 1, 
INFO [2019-01-16 16:44:12]     0.8, 1, 0.55, 1, 0.55, 1, 0.55, 1, 0.55, 1, 0.55, 1, 1, 1, 
INFO [2019-01-16 16:44:12]     1, 1, 1.5)
INFO [2019-01-16 16:44:12] 
INFO [2019-01-16 16:44:12] $cat.col
INFO [2019-01-16 16:44:12] c("dodgerblue", "goldenrod1", "darkorange1", "seagreen3", "orchid3")
INFO [2019-01-16 16:44:12] 
INFO [2019-01-16 16:44:12] $cat.cex
INFO [2019-01-16 16:44:12] [1] 1.5
INFO [2019-01-16 16:44:12] 
INFO [2019-01-16 16:44:12] $cat.fontface
INFO [2019-01-16 16:44:12] [1] "bold"
INFO [2019-01-16 16:44:12] 
INFO [2019-01-16 16:44:12] $margin
INFO [2019-01-16 16:44:12] [1] 0.05
INFO [2019-01-16 16:44:12] 
