INFO [2019-02-16 13:16:16] $x
INFO [2019-02-16 13:16:16] list(A = genesS1GCDE$GENEID, B = genesS2GCDE$GENEID, C = genesS3GCDE$GENEID, 
INFO [2019-02-16 13:16:16]     D = genesS5GCDE$GENEID, E = genesS9GCDE$GENEID)
INFO [2019-02-16 13:16:16] 
INFO [2019-02-16 13:16:16] $filename
INFO [2019-02-16 13:16:16] NULL
INFO [2019-02-16 13:16:16] 
INFO [2019-02-16 13:16:16] $col
INFO [2019-02-16 13:16:16] [1] "black"
INFO [2019-02-16 13:16:16] 
INFO [2019-02-16 13:16:16] $fill
INFO [2019-02-16 13:16:16] c("dodgerblue", "goldenrod1", "darkorange1", "seagreen3", "orchid3")
INFO [2019-02-16 13:16:16] 
INFO [2019-02-16 13:16:16] $alpha
INFO [2019-02-16 13:16:16] [1] 0.5
INFO [2019-02-16 13:16:16] 
INFO [2019-02-16 13:16:16] $cex
INFO [2019-02-16 13:16:16] c(1.5, 1.5, 1.5, 1.5, 1.5, 1, 0.8, 1, 0.8, 1, 0.8, 1, 0.8, 1, 
INFO [2019-02-16 13:16:16]     0.8, 1, 0.55, 1, 0.55, 1, 0.55, 1, 0.55, 1, 0.55, 1, 1, 1, 
INFO [2019-02-16 13:16:16]     1, 1, 1.5)
INFO [2019-02-16 13:16:16] 
INFO [2019-02-16 13:16:16] $cat.col
INFO [2019-02-16 13:16:16] c("dodgerblue", "goldenrod1", "darkorange1", "seagreen3", "orchid3")
INFO [2019-02-16 13:16:16] 
INFO [2019-02-16 13:16:16] $cat.cex
INFO [2019-02-16 13:16:16] [1] 1.5
INFO [2019-02-16 13:16:16] 
INFO [2019-02-16 13:16:16] $cat.fontface
INFO [2019-02-16 13:16:16] [1] "bold"
INFO [2019-02-16 13:16:16] 
INFO [2019-02-16 13:16:16] $margin
INFO [2019-02-16 13:16:16] [1] 0.05
INFO [2019-02-16 13:16:16] 
