INFO [2019-02-12 14:20:07] $x
INFO [2019-02-12 14:20:07] list(A = genesS1GCDE$GENEID, B = genesS2GCDE$GENEID, C = genesS3GCDE$GENEID, 
INFO [2019-02-12 14:20:07]     D = genesS5GCDE$GENEID, E = genesS9GCDE$GENEID)
INFO [2019-02-12 14:20:07] 
INFO [2019-02-12 14:20:07] $filename
INFO [2019-02-12 14:20:07] NULL
INFO [2019-02-12 14:20:07] 
INFO [2019-02-12 14:20:07] $col
INFO [2019-02-12 14:20:07] [1] "black"
INFO [2019-02-12 14:20:07] 
INFO [2019-02-12 14:20:07] $fill
INFO [2019-02-12 14:20:07] c("dodgerblue", "goldenrod1", "darkorange1", "seagreen3", "orchid3")
INFO [2019-02-12 14:20:07] 
INFO [2019-02-12 14:20:07] $alpha
INFO [2019-02-12 14:20:07] [1] 0.5
INFO [2019-02-12 14:20:07] 
INFO [2019-02-12 14:20:07] $cex
INFO [2019-02-12 14:20:07] c(1.5, 1.5, 1.5, 1.5, 1.5, 1, 0.8, 1, 0.8, 1, 0.8, 1, 0.8, 1, 
INFO [2019-02-12 14:20:07]     0.8, 1, 0.55, 1, 0.55, 1, 0.55, 1, 0.55, 1, 0.55, 1, 1, 1, 
INFO [2019-02-12 14:20:07]     1, 1, 1.5)
INFO [2019-02-12 14:20:07] 
INFO [2019-02-12 14:20:07] $cat.col
INFO [2019-02-12 14:20:07] c("dodgerblue", "goldenrod1", "darkorange1", "seagreen3", "orchid3")
INFO [2019-02-12 14:20:07] 
INFO [2019-02-12 14:20:07] $cat.cex
INFO [2019-02-12 14:20:07] [1] 1.5
INFO [2019-02-12 14:20:07] 
INFO [2019-02-12 14:20:07] $cat.fontface
INFO [2019-02-12 14:20:07] [1] "bold"
INFO [2019-02-12 14:20:07] 
INFO [2019-02-12 14:20:07] $margin
INFO [2019-02-12 14:20:07] [1] 0.05
INFO [2019-02-12 14:20:07] 
