INFO [2019-02-11 15:18:54] $x
INFO [2019-02-11 15:18:54] list(A = genesS1GCDE$GENEID, B = genesS2GCDE$GENEID, C = genesS3GCDE$GENEID, 
INFO [2019-02-11 15:18:54]     D = genesS5GCDE$GENEID, E = genesS9GCDE$GENEID)
INFO [2019-02-11 15:18:54] 
INFO [2019-02-11 15:18:54] $filename
INFO [2019-02-11 15:18:54] NULL
INFO [2019-02-11 15:18:54] 
INFO [2019-02-11 15:18:54] $col
INFO [2019-02-11 15:18:54] [1] "black"
INFO [2019-02-11 15:18:54] 
INFO [2019-02-11 15:18:54] $fill
INFO [2019-02-11 15:18:54] c("dodgerblue", "goldenrod1", "darkorange1", "seagreen3", "orchid3")
INFO [2019-02-11 15:18:54] 
INFO [2019-02-11 15:18:54] $alpha
INFO [2019-02-11 15:18:54] [1] 0.5
INFO [2019-02-11 15:18:54] 
INFO [2019-02-11 15:18:54] $cex
INFO [2019-02-11 15:18:54] c(1.5, 1.5, 1.5, 1.5, 1.5, 1, 0.8, 1, 0.8, 1, 0.8, 1, 0.8, 1, 
INFO [2019-02-11 15:18:54]     0.8, 1, 0.55, 1, 0.55, 1, 0.55, 1, 0.55, 1, 0.55, 1, 1, 1, 
INFO [2019-02-11 15:18:54]     1, 1, 1.5)
INFO [2019-02-11 15:18:54] 
INFO [2019-02-11 15:18:54] $cat.col
INFO [2019-02-11 15:18:54] c("dodgerblue", "goldenrod1", "darkorange1", "seagreen3", "orchid3")
INFO [2019-02-11 15:18:54] 
INFO [2019-02-11 15:18:54] $cat.cex
INFO [2019-02-11 15:18:54] [1] 1.5
INFO [2019-02-11 15:18:54] 
INFO [2019-02-11 15:18:54] $cat.fontface
INFO [2019-02-11 15:18:54] [1] "bold"
INFO [2019-02-11 15:18:54] 
INFO [2019-02-11 15:18:54] $margin
INFO [2019-02-11 15:18:54] [1] 0.05
INFO [2019-02-11 15:18:54] 
