INFO [2019-01-16 16:44:10] $x
INFO [2019-01-16 16:44:10] list(A = deGenesNotAneuS7$GENEID, B = deGenesNotAneuS18$GENEID, 
INFO [2019-01-16 16:44:10]     C = deGenesNotAneuS11$GENEID)
INFO [2019-01-16 16:44:10] 
INFO [2019-01-16 16:44:10] $filename
INFO [2019-01-16 16:44:10] NULL
INFO [2019-01-16 16:44:10] 
INFO [2019-01-16 16:44:10] $fill
INFO [2019-01-16 16:44:10] c("orange", "deeppink1", "turquoise")
INFO [2019-01-16 16:44:10] 
INFO [2019-01-16 16:44:10] $cex
INFO [2019-01-16 16:44:10] [1] 2
INFO [2019-01-16 16:44:10] 
INFO [2019-01-16 16:44:10] $x
INFO [2019-01-16 16:44:10] list(A = deGenesNotAneuS18$GENEID, B = deGenesNotAneuS77$GENEID)
INFO [2019-01-16 16:44:10] 
INFO [2019-01-16 16:44:10] $filename
INFO [2019-01-16 16:44:10] NULL
INFO [2019-01-16 16:44:10] 
INFO [2019-01-16 16:44:10] $fill
INFO [2019-01-16 16:44:10] c("orange", "deeppink1")
INFO [2019-01-16 16:44:10] 
INFO [2019-01-16 16:44:10] $x
INFO [2019-01-16 16:44:10] list(A = deGenesNotAneuS59$GENEID, B = deGenesNotAneuS61$GENEID)
INFO [2019-01-16 16:44:10] 
INFO [2019-01-16 16:44:10] $filename
INFO [2019-01-16 16:44:10] NULL
INFO [2019-01-16 16:44:10] 
INFO [2019-01-16 16:44:10] $fill
INFO [2019-01-16 16:44:10] c("orange", "deeppink1")
INFO [2019-01-16 16:44:10] 
